<?xml version="1.0" encoding="UTF-8"?>
<testng-results ignored="0" total="5" passed="3" failed="2" skipped="0">
  <reporter-output>
  </reporter-output>
  <suite started-at="2021-08-19T02:40:22Z" name="Suite" finished-at="2021-08-19T02:41:55Z" duration-ms="93131">
    <groups>
    </groups>
    <test started-at="2021-08-19T02:40:22Z" name="Test" finished-at="2021-08-19T02:41:55Z" duration-ms="93131">
      <class name="com.orangehrm.tests.OranageHRMTest">
        <test-method is-config="true" signature="setupReport()[pri:0, instance:com.orangehrm.tests.OranageHRMTest@51133c06]" started-at="2021-08-19T02:40:21Z" name="setupReport" finished-at="2021-08-19T02:40:22Z" duration-ms="326" status="PASS">
          <reporter-output>
          </reporter-output>
        </test-method> <!-- setupReport -->
        <test-method is-config="true" signature="SetupBrowser(java.lang.String)[pri:0, instance:com.orangehrm.tests.OranageHRMTest@51133c06]" started-at="2021-08-19T02:40:22Z" name="SetupBrowser" finished-at="2021-08-19T02:40:25Z" duration-ms="3560" status="PASS">
          <params>
            <param index="0">
              <value>
                <![CDATA[Chrome]]>
              </value>
            </param>
          </params>
          <reporter-output>
          </reporter-output>
        </test-method> <!-- SetupBrowser -->
        <test-method signature="VerifyApplicationTitle()[pri:1, instance:com.orangehrm.tests.OranageHRMTest@51133c06]" started-at="2021-08-19T02:40:25Z" name="VerifyApplicationTitle" finished-at="2021-08-19T02:40:30Z" duration-ms="4382" status="PASS">
          <reporter-output>
          </reporter-output>
        </test-method> <!-- VerifyApplicationTitle -->
        <test-method is-config="true" signature="afterMethod()[pri:0, instance:com.orangehrm.tests.OranageHRMTest@51133c06]" started-at="2021-08-19T02:40:30Z" name="afterMethod" finished-at="2021-08-19T02:40:31Z" duration-ms="1080" status="PASS">
          <reporter-output>
          </reporter-output>
        </test-method> <!-- afterMethod -->
        <test-method is-config="true" signature="SetupBrowser(java.lang.String)[pri:0, instance:com.orangehrm.tests.OranageHRMTest@51133c06]" started-at="2021-08-19T02:40:32Z" name="SetupBrowser" finished-at="2021-08-19T02:40:35Z" duration-ms="2626" status="PASS">
          <params>
            <param index="0">
              <value>
                <![CDATA[Chrome]]>
              </value>
            </param>
          </params>
          <reporter-output>
          </reporter-output>
        </test-method> <!-- SetupBrowser -->
        <test-method signature="VerifyApplicationLogin(java.lang.String, java.lang.String)[pri:2, instance:com.orangehrm.tests.OranageHRMTest@51133c06]" started-at="2021-08-19T02:40:35Z" name="VerifyApplicationLogin" data-provider="data" finished-at="2021-08-19T02:40:44Z" duration-ms="9676" status="PASS">
          <params>
            <param index="0">
              <value>
                <![CDATA[admin]]>
              </value>
            </param>
            <param index="1">
              <value>
                <![CDATA[admin123]]>
              </value>
            </param>
          </params>
          <reporter-output>
          </reporter-output>
        </test-method> <!-- VerifyApplicationLogin -->
        <test-method is-config="true" signature="afterMethod()[pri:0, instance:com.orangehrm.tests.OranageHRMTest@51133c06]" started-at="2021-08-19T02:40:44Z" name="afterMethod" finished-at="2021-08-19T02:40:45Z" duration-ms="697" status="PASS">
          <reporter-output>
          </reporter-output>
        </test-method> <!-- afterMethod -->
        <test-method is-config="true" signature="SetupBrowser(java.lang.String)[pri:0, instance:com.orangehrm.tests.OranageHRMTest@51133c06]" started-at="2021-08-19T02:40:45Z" name="SetupBrowser" finished-at="2021-08-19T02:40:47Z" duration-ms="2103" status="PASS">
          <params>
            <param index="0">
              <value>
                <![CDATA[Chrome]]>
              </value>
            </param>
          </params>
          <reporter-output>
          </reporter-output>
        </test-method> <!-- SetupBrowser -->
        <test-method signature="VerifyApplicationLogin(java.lang.String, java.lang.String)[pri:2, instance:com.orangehrm.tests.OranageHRMTest@51133c06]" started-at="2021-08-19T02:40:47Z" name="VerifyApplicationLogin" data-provider="data" finished-at="2021-08-19T02:41:14Z" duration-ms="26330" status="FAIL">
          <params>
            <param index="0">
              <value>
                <![CDATA[Ashish]]>
              </value>
            </param>
            <param index="1">
              <value>
                <![CDATA[12345]]>
              </value>
            </param>
          </params>
          <exception class="java.lang.AssertionError">
            <message>
              <![CDATA[Application Login is Not Successful]]>
            </message>
            <full-stacktrace>
              <![CDATA[java.lang.AssertionError: Application Login is Not Successful
at org.testng.Assert.fail(Assert.java:96)
at com.orangehrm.pages.HomePage.verifyWhetherAppLoginIsSuccessful(HomePage.java:36)
at com.orangehrm.tests.OranageHRMTest.VerifyApplicationLogin(OranageHRMTest.java:29)
at java.base/jdk.internal.reflect.NativeMethodAccessorImpl.invoke0(Native Method)
at java.base/jdk.internal.reflect.NativeMethodAccessorImpl.invoke(NativeMethodAccessorImpl.java:78)
at java.base/jdk.internal.reflect.DelegatingMethodAccessorImpl.invoke(DelegatingMethodAccessorImpl.java:43)
at java.base/java.lang.reflect.Method.invoke(Method.java:567)
at org.testng.internal.MethodInvocationHelper.invokeMethod(MethodInvocationHelper.java:124)
at org.testng.internal.Invoker.invokeMethod(Invoker.java:583)
at org.testng.internal.Invoker.invokeTestMethod(Invoker.java:719)
at org.testng.internal.Invoker.invokeTestMethods(Invoker.java:989)
at org.testng.internal.TestMethodWorker.invokeTestMethods(TestMethodWorker.java:125)
at org.testng.internal.TestMethodWorker.run(TestMethodWorker.java:109)
at org.testng.TestRunner.privateRun(TestRunner.java:648)
at org.testng.TestRunner.run(TestRunner.java:505)
at org.testng.SuiteRunner.runTest(SuiteRunner.java:455)
at org.testng.SuiteRunner.runSequentially(SuiteRunner.java:450)
at org.testng.SuiteRunner.privateRun(SuiteRunner.java:415)
at org.testng.SuiteRunner.run(SuiteRunner.java:364)
at org.testng.SuiteRunnerWorker.runSuite(SuiteRunnerWorker.java:52)
at org.testng.SuiteRunnerWorker.run(SuiteRunnerWorker.java:84)
at org.testng.TestNG.runSuitesSequentially(TestNG.java:1208)
at org.testng.TestNG.runSuitesLocally(TestNG.java:1137)
at org.testng.TestNG.runSuites(TestNG.java:1049)
at org.testng.TestNG.run(TestNG.java:1017)
at org.testng.remote.AbstractRemoteTestNG.run(AbstractRemoteTestNG.java:115)
at org.testng.remote.RemoteTestNG.initAndRun(RemoteTestNG.java:251)
at org.testng.remote.RemoteTestNG.main(RemoteTestNG.java:77)
]]>
            </full-stacktrace>
          </exception> <!-- java.lang.AssertionError -->
          <reporter-output>
          </reporter-output>
        </test-method> <!-- VerifyApplicationLogin -->
        <test-method is-config="true" signature="afterMethod()[pri:0, instance:com.orangehrm.tests.OranageHRMTest@51133c06]" started-at="2021-08-19T02:41:14Z" name="afterMethod" finished-at="2021-08-19T02:41:14Z" duration-ms="669" status="PASS">
          <reporter-output>
          </reporter-output>
        </test-method> <!-- afterMethod -->
        <test-method is-config="true" signature="SetupBrowser(java.lang.String)[pri:0, instance:com.orangehrm.tests.OranageHRMTest@51133c06]" started-at="2021-08-19T02:41:14Z" name="SetupBrowser" finished-at="2021-08-19T02:41:17Z" duration-ms="2973" status="PASS">
          <params>
            <param index="0">
              <value>
                <![CDATA[Chrome]]>
              </value>
            </param>
          </params>
          <reporter-output>
          </reporter-output>
        </test-method> <!-- SetupBrowser -->
        <test-method signature="VerifyApplicationLogout(java.lang.String, java.lang.String)[pri:3, instance:com.orangehrm.tests.OranageHRMTest@51133c06]" started-at="2021-08-19T02:41:17Z" name="VerifyApplicationLogout" data-provider="LogoutData" finished-at="2021-08-19T02:41:48Z" duration-ms="30843" status="PASS">
          <params>
            <param index="0">
              <value>
                <![CDATA[admin]]>
              </value>
            </param>
            <param index="1">
              <value>
                <![CDATA[admin123]]>
              </value>
            </param>
          </params>
          <reporter-output>
          </reporter-output>
        </test-method> <!-- VerifyApplicationLogout -->
        <test-method is-config="true" signature="afterMethod()[pri:0, instance:com.orangehrm.tests.OranageHRMTest@51133c06]" started-at="2021-08-19T02:41:48Z" name="afterMethod" finished-at="2021-08-19T02:41:49Z" duration-ms="421" status="PASS">
          <reporter-output>
          </reporter-output>
        </test-method> <!-- afterMethod -->
        <test-method is-config="true" signature="SetupBrowser(java.lang.String)[pri:0, instance:com.orangehrm.tests.OranageHRMTest@51133c06]" started-at="2021-08-19T02:41:49Z" name="SetupBrowser" finished-at="2021-08-19T02:41:51Z" duration-ms="2108" status="PASS">
          <params>
            <param index="0">
              <value>
                <![CDATA[Chrome]]>
              </value>
            </param>
          </params>
          <reporter-output>
          </reporter-output>
        </test-method> <!-- SetupBrowser -->
        <test-method signature="VerfiyForgotPasswordPage()[pri:4, instance:com.orangehrm.tests.OranageHRMTest@51133c06]" started-at="2021-08-19T02:41:51Z" name="VerfiyForgotPasswordPage" finished-at="2021-08-19T02:41:54Z" duration-ms="3856" status="FAIL">
          <exception class="java.lang.AssertionError">
            <message>
              <![CDATA[Forgot Password Page Elements not Available]]>
            </message>
            <full-stacktrace>
              <![CDATA[java.lang.AssertionError: Forgot Password Page Elements not Available
at org.testng.Assert.fail(Assert.java:96)
at com.orangehrm.pages.ForgotPassword.verifyForgotPasswordPageElements(ForgotPassword.java:37)
at com.orangehrm.tests.OranageHRMTest.VerfiyForgotPasswordPage(OranageHRMTest.java:49)
at java.base/jdk.internal.reflect.NativeMethodAccessorImpl.invoke0(Native Method)
at java.base/jdk.internal.reflect.NativeMethodAccessorImpl.invoke(NativeMethodAccessorImpl.java:78)
at java.base/jdk.internal.reflect.DelegatingMethodAccessorImpl.invoke(DelegatingMethodAccessorImpl.java:43)
at java.base/java.lang.reflect.Method.invoke(Method.java:567)
at org.testng.internal.MethodInvocationHelper.invokeMethod(MethodInvocationHelper.java:124)
at org.testng.internal.Invoker.invokeMethod(Invoker.java:583)
at org.testng.internal.Invoker.invokeTestMethod(Invoker.java:719)
at org.testng.internal.Invoker.invokeTestMethods(Invoker.java:989)
at org.testng.internal.TestMethodWorker.invokeTestMethods(TestMethodWorker.java:125)
at org.testng.internal.TestMethodWorker.run(TestMethodWorker.java:109)
at org.testng.TestRunner.privateRun(TestRunner.java:648)
at org.testng.TestRunner.run(TestRunner.java:505)
at org.testng.SuiteRunner.runTest(SuiteRunner.java:455)
at org.testng.SuiteRunner.runSequentially(SuiteRunner.java:450)
at org.testng.SuiteRunner.privateRun(SuiteRunner.java:415)
at org.testng.SuiteRunner.run(SuiteRunner.java:364)
at org.testng.SuiteRunnerWorker.runSuite(SuiteRunnerWorker.java:52)
at org.testng.SuiteRunnerWorker.run(SuiteRunnerWorker.java:84)
at org.testng.TestNG.runSuitesSequentially(TestNG.java:1208)
at org.testng.TestNG.runSuitesLocally(TestNG.java:1137)
at org.testng.TestNG.runSuites(TestNG.java:1049)
at org.testng.TestNG.run(TestNG.java:1017)
at org.testng.remote.AbstractRemoteTestNG.run(AbstractRemoteTestNG.java:115)
at org.testng.remote.RemoteTestNG.initAndRun(RemoteTestNG.java:251)
at org.testng.remote.RemoteTestNG.main(RemoteTestNG.java:77)
]]>
            </full-stacktrace>
          </exception> <!-- java.lang.AssertionError -->
          <reporter-output>
          </reporter-output>
        </test-method> <!-- VerfiyForgotPasswordPage -->
        <test-method is-config="true" signature="afterMethod()[pri:0, instance:com.orangehrm.tests.OranageHRMTest@51133c06]" started-at="2021-08-19T02:41:54Z" name="afterMethod" finished-at="2021-08-19T02:41:55Z" duration-ms="438" status="PASS">
          <reporter-output>
          </reporter-output>
        </test-method> <!-- afterMethod -->
      </class> <!-- com.orangehrm.tests.OranageHRMTest -->
    </test> <!-- Test -->
  </suite> <!-- Suite -->
</testng-results>
